
target/release/app:     file format elf64-x86-64

Sections:
Idx Name          Size      VMA               LMA               File off  Algn
  0 .interp       0000001c  0000000000000318  0000000000000318  00000318  2**0
                  CONTENTS, ALLOC, LOAD, READONLY, DATA
  1 .note.gnu.property 00000020  0000000000000338  0000000000000338  00000338  2**3
                  CONTENTS, ALLOC, LOAD, READONLY, DATA
  2 .note.gnu.build-id 00000024  0000000000000358  0000000000000358  00000358  2**2
                  CONTENTS, ALLOC, LOAD, READONLY, DATA
  3 .note.ABI-tag 00000020  000000000000037c  000000000000037c  0000037c  2**2
                  CONTENTS, ALLOC, LOAD, READONLY, DATA
  4 .gnu.hash     00000024  00000000000003a0  00000000000003a0  000003a0  2**3
                  CONTENTS, ALLOC, LOAD, READONLY, DATA
  5 .dynsym       000000a8  00000000000003c8  00000000000003c8  000003c8  2**3
                  CONTENTS, ALLOC, LOAD, READONLY, DATA
  6 .dynstr       00000082  0000000000000470  0000000000000470  00000470  2**0
                  CONTENTS, ALLOC, LOAD, READONLY, DATA
  7 .gnu.version  0000000e  00000000000004f2  00000000000004f2  000004f2  2**1
                  CONTENTS, ALLOC, LOAD, READONLY, DATA
  8 .gnu.version_r 00000020  0000000000000500  0000000000000500  00000500  2**3
                  CONTENTS, ALLOC, LOAD, READONLY, DATA
  9 .rela.dyn     000000c0  0000000000000520  0000000000000520  00000520  2**3
                  CONTENTS, ALLOC, LOAD, READONLY, DATA
 10 .rela.plt     00000018  00000000000005e0  00000000000005e0  000005e0  2**3
                  CONTENTS, ALLOC, LOAD, READONLY, DATA
 11 .init         0000001b  0000000000001000  0000000000001000  00001000  2**2
                  CONTENTS, ALLOC, LOAD, READONLY, CODE
 12 .plt          00000020  0000000000001020  0000000000001020  00001020  2**4
                  CONTENTS, ALLOC, LOAD, READONLY, CODE
 13 .plt.got      00000010  0000000000001040  0000000000001040  00001040  2**4
                  CONTENTS, ALLOC, LOAD, READONLY, CODE
 14 .plt.sec      00000010  0000000000001050  0000000000001050  00001050  2**4
                  CONTENTS, ALLOC, LOAD, READONLY, CODE
 15 .text         00000185  0000000000001060  0000000000001060  00001060  2**4
                  CONTENTS, ALLOC, LOAD, READONLY, CODE
 16 .fini         0000000d  00000000000011e8  00000000000011e8  000011e8  2**2
                  CONTENTS, ALLOC, LOAD, READONLY, CODE
 17 .rodata       00000010  0000000000002000  0000000000002000  00002000  2**2
                  CONTENTS, ALLOC, LOAD, READONLY, DATA
 18 .eh_frame_hdr 00000044  0000000000002010  0000000000002010  00002010  2**2
                  CONTENTS, ALLOC, LOAD, READONLY, DATA
 19 .eh_frame     00000100  0000000000002058  0000000000002058  00002058  2**3
                  CONTENTS, ALLOC, LOAD, READONLY, DATA
 20 .init_array   00000008  0000000000003db8  0000000000003db8  00002db8  2**3
                  CONTENTS, ALLOC, LOAD, DATA
 21 .fini_array   00000008  0000000000003dc0  0000000000003dc0  00002dc0  2**3
                  CONTENTS, ALLOC, LOAD, DATA
 22 .dynamic      000001f0  0000000000003dc8  0000000000003dc8  00002dc8  2**3
                  CONTENTS, ALLOC, LOAD, DATA
 23 .got          00000048  0000000000003fb8  0000000000003fb8  00002fb8  2**3
                  CONTENTS, ALLOC, LOAD, DATA
 24 .data         00000010  0000000000004000  0000000000004000  00003000  2**3
                  CONTENTS, ALLOC, LOAD, DATA
 25 .bss          00000008  0000000000004010  0000000000004010  00003010  2**0
                  ALLOC
 26 .comment      0000002b  0000000000000000  0000000000000000  00003010  2**0
                  CONTENTS, READONLY
 27 .debug_aranges 00000030  0000000000000000  0000000000000000  0000303b  2**0
                  CONTENTS, READONLY, DEBUGGING, OCTETS
 28 .debug_info   00000bc2  0000000000000000  0000000000000000  0000306b  2**0
                  CONTENTS, READONLY, DEBUGGING, OCTETS
 29 .debug_abbrev 000002c1  0000000000000000  0000000000000000  00003c2d  2**0
                  CONTENTS, READONLY, DEBUGGING, OCTETS
 30 .debug_line   0000024b  0000000000000000  0000000000000000  00003eee  2**0
                  CONTENTS, READONLY, DEBUGGING, OCTETS
 31 .debug_str    000004cd  0000000000000000  0000000000000000  00004139  2**0
                  CONTENTS, READONLY, DEBUGGING, OCTETS
 32 .debug_loc    000000a4  0000000000000000  0000000000000000  00004606  2**0
                  CONTENTS, READONLY, DEBUGGING, OCTETS
 33 .debug_ranges 00000050  0000000000000000  0000000000000000  000046aa  2**0
                  CONTENTS, READONLY, DEBUGGING, OCTETS

Disassembly of section .init:

0000000000001000 <_init>:
    1000:	f3 0f 1e fa          	endbr64 
    1004:	48 83 ec 08          	sub    $0x8,%rsp
    1008:	48 8b 05 d9 2f 00 00 	mov    0x2fd9(%rip),%rax        # 3fe8 <__gmon_start__>
    100f:	48 85 c0             	test   %rax,%rax
    1012:	74 02                	je     1016 <_init+0x16>
    1014:	ff d0                	callq  *%rax
    1016:	48 83 c4 08          	add    $0x8,%rsp
    101a:	c3                   	retq   

Disassembly of section .plt:

0000000000001020 <.plt>:
    1020:	ff 35 9a 2f 00 00    	pushq  0x2f9a(%rip)        # 3fc0 <_GLOBAL_OFFSET_TABLE_+0x8>
    1026:	f2 ff 25 9b 2f 00 00 	bnd jmpq *0x2f9b(%rip)        # 3fc8 <_GLOBAL_OFFSET_TABLE_+0x10>
    102d:	0f 1f 00             	nopl   (%rax)
    1030:	f3 0f 1e fa          	endbr64 
    1034:	68 00 00 00 00       	pushq  $0x0
    1039:	f2 e9 e1 ff ff ff    	bnd jmpq 1020 <.plt>
    103f:	90                   	nop

Disassembly of section .plt.got:

0000000000001040 <__cxa_finalize@plt>:
    1040:	f3 0f 1e fa          	endbr64 
    1044:	f2 ff 25 ad 2f 00 00 	bnd jmpq *0x2fad(%rip)        # 3ff8 <__cxa_finalize@GLIBC_2.2.5>
    104b:	0f 1f 44 00 00       	nopl   0x0(%rax,%rax,1)

Disassembly of section .plt.sec:

0000000000001050 <puts@plt>:
    1050:	f3 0f 1e fa          	endbr64 
    1054:	f2 ff 25 75 2f 00 00 	bnd jmpq *0x2f75(%rip)        # 3fd0 <puts@GLIBC_2.2.5>
    105b:	0f 1f 44 00 00       	nopl   0x0(%rax,%rax,1)

Disassembly of section .text:

0000000000001060 <main>:

// ioctl commands defined for the pci driver header
#include "ioctl_cmds.h"

int main(int argc, char** argv)
{
    1060:	f3 0f 1e fa          	endbr64 
    1064:	48 83 ec 08          	sub    $0x8,%rsp
}

__fortify_function int
printf (const char *__restrict __fmt, ...)
{
  return __printf_chk (__USE_FORTIFY_LEVEL - 1, __fmt, __va_arg_pack ());
    1068:	48 8d 3d 95 0f 00 00 	lea    0xf95(%rip),%rdi        # 2004 <_IO_stdin_used+0x4>
    106f:	e8 dc ff ff ff       	callq  1050 <puts@plt>
	printf("hello world\n");
	return 0;
}
    1074:	31 c0                	xor    %eax,%eax
    1076:	48 83 c4 08          	add    $0x8,%rsp
    107a:	c3                   	retq   
    107b:	0f 1f 44 00 00       	nopl   0x0(%rax,%rax,1)

0000000000001080 <_start>:
    1080:	f3 0f 1e fa          	endbr64 
    1084:	31 ed                	xor    %ebp,%ebp
    1086:	49 89 d1             	mov    %rdx,%r9
    1089:	5e                   	pop    %rsi
    108a:	48 89 e2             	mov    %rsp,%rdx
    108d:	48 83 e4 f0          	and    $0xfffffffffffffff0,%rsp
    1091:	50                   	push   %rax
    1092:	54                   	push   %rsp
    1093:	4c 8d 05 46 01 00 00 	lea    0x146(%rip),%r8        # 11e0 <__libc_csu_fini>
    109a:	48 8d 0d cf 00 00 00 	lea    0xcf(%rip),%rcx        # 1170 <__libc_csu_init>
    10a1:	48 8d 3d b8 ff ff ff 	lea    -0x48(%rip),%rdi        # 1060 <main>
    10a8:	ff 15 32 2f 00 00    	callq  *0x2f32(%rip)        # 3fe0 <__libc_start_main@GLIBC_2.2.5>
    10ae:	f4                   	hlt    
    10af:	90                   	nop

00000000000010b0 <deregister_tm_clones>:
    10b0:	48 8d 3d 59 2f 00 00 	lea    0x2f59(%rip),%rdi        # 4010 <__TMC_END__>
    10b7:	48 8d 05 52 2f 00 00 	lea    0x2f52(%rip),%rax        # 4010 <__TMC_END__>
    10be:	48 39 f8             	cmp    %rdi,%rax
    10c1:	74 15                	je     10d8 <deregister_tm_clones+0x28>
    10c3:	48 8b 05 0e 2f 00 00 	mov    0x2f0e(%rip),%rax        # 3fd8 <_ITM_deregisterTMCloneTable>
    10ca:	48 85 c0             	test   %rax,%rax
    10cd:	74 09                	je     10d8 <deregister_tm_clones+0x28>
    10cf:	ff e0                	jmpq   *%rax
    10d1:	0f 1f 80 00 00 00 00 	nopl   0x0(%rax)
    10d8:	c3                   	retq   
    10d9:	0f 1f 80 00 00 00 00 	nopl   0x0(%rax)

00000000000010e0 <register_tm_clones>:
    10e0:	48 8d 3d 29 2f 00 00 	lea    0x2f29(%rip),%rdi        # 4010 <__TMC_END__>
    10e7:	48 8d 35 22 2f 00 00 	lea    0x2f22(%rip),%rsi        # 4010 <__TMC_END__>
    10ee:	48 29 fe             	sub    %rdi,%rsi
    10f1:	48 89 f0             	mov    %rsi,%rax
    10f4:	48 c1 ee 3f          	shr    $0x3f,%rsi
    10f8:	48 c1 f8 03          	sar    $0x3,%rax
    10fc:	48 01 c6             	add    %rax,%rsi
    10ff:	48 d1 fe             	sar    %rsi
    1102:	74 14                	je     1118 <register_tm_clones+0x38>
    1104:	48 8b 05 e5 2e 00 00 	mov    0x2ee5(%rip),%rax        # 3ff0 <_ITM_registerTMCloneTable>
    110b:	48 85 c0             	test   %rax,%rax
    110e:	74 08                	je     1118 <register_tm_clones+0x38>
    1110:	ff e0                	jmpq   *%rax
    1112:	66 0f 1f 44 00 00    	nopw   0x0(%rax,%rax,1)
    1118:	c3                   	retq   
    1119:	0f 1f 80 00 00 00 00 	nopl   0x0(%rax)

0000000000001120 <__do_global_dtors_aux>:
    1120:	f3 0f 1e fa          	endbr64 
    1124:	80 3d e5 2e 00 00 00 	cmpb   $0x0,0x2ee5(%rip)        # 4010 <__TMC_END__>
    112b:	75 2b                	jne    1158 <__do_global_dtors_aux+0x38>
    112d:	55                   	push   %rbp
    112e:	48 83 3d c2 2e 00 00 	cmpq   $0x0,0x2ec2(%rip)        # 3ff8 <__cxa_finalize@GLIBC_2.2.5>
    1135:	00 
    1136:	48 89 e5             	mov    %rsp,%rbp
    1139:	74 0c                	je     1147 <__do_global_dtors_aux+0x27>
    113b:	48 8b 3d c6 2e 00 00 	mov    0x2ec6(%rip),%rdi        # 4008 <__dso_handle>
    1142:	e8 f9 fe ff ff       	callq  1040 <__cxa_finalize@plt>
    1147:	e8 64 ff ff ff       	callq  10b0 <deregister_tm_clones>
    114c:	c6 05 bd 2e 00 00 01 	movb   $0x1,0x2ebd(%rip)        # 4010 <__TMC_END__>
    1153:	5d                   	pop    %rbp
    1154:	c3                   	retq   
    1155:	0f 1f 00             	nopl   (%rax)
    1158:	c3                   	retq   
    1159:	0f 1f 80 00 00 00 00 	nopl   0x0(%rax)

0000000000001160 <frame_dummy>:
    1160:	f3 0f 1e fa          	endbr64 
    1164:	e9 77 ff ff ff       	jmpq   10e0 <register_tm_clones>
    1169:	0f 1f 80 00 00 00 00 	nopl   0x0(%rax)

0000000000001170 <__libc_csu_init>:
    1170:	f3 0f 1e fa          	endbr64 
    1174:	41 57                	push   %r15
    1176:	4c 8d 3d 3b 2c 00 00 	lea    0x2c3b(%rip),%r15        # 3db8 <__frame_dummy_init_array_entry>
    117d:	41 56                	push   %r14
    117f:	49 89 d6             	mov    %rdx,%r14
    1182:	41 55                	push   %r13
    1184:	49 89 f5             	mov    %rsi,%r13
    1187:	41 54                	push   %r12
    1189:	41 89 fc             	mov    %edi,%r12d
    118c:	55                   	push   %rbp
    118d:	48 8d 2d 2c 2c 00 00 	lea    0x2c2c(%rip),%rbp        # 3dc0 <__do_global_dtors_aux_fini_array_entry>
    1194:	53                   	push   %rbx
    1195:	4c 29 fd             	sub    %r15,%rbp
    1198:	48 83 ec 08          	sub    $0x8,%rsp
    119c:	e8 5f fe ff ff       	callq  1000 <_init>
    11a1:	48 c1 fd 03          	sar    $0x3,%rbp
    11a5:	74 1f                	je     11c6 <__libc_csu_init+0x56>
    11a7:	31 db                	xor    %ebx,%ebx
    11a9:	0f 1f 80 00 00 00 00 	nopl   0x0(%rax)
    11b0:	4c 89 f2             	mov    %r14,%rdx
    11b3:	4c 89 ee             	mov    %r13,%rsi
    11b6:	44 89 e7             	mov    %r12d,%edi
    11b9:	41 ff 14 df          	callq  *(%r15,%rbx,8)
    11bd:	48 83 c3 01          	add    $0x1,%rbx
    11c1:	48 39 dd             	cmp    %rbx,%rbp
    11c4:	75 ea                	jne    11b0 <__libc_csu_init+0x40>
    11c6:	48 83 c4 08          	add    $0x8,%rsp
    11ca:	5b                   	pop    %rbx
    11cb:	5d                   	pop    %rbp
    11cc:	41 5c                	pop    %r12
    11ce:	41 5d                	pop    %r13
    11d0:	41 5e                	pop    %r14
    11d2:	41 5f                	pop    %r15
    11d4:	c3                   	retq   
    11d5:	66 66 2e 0f 1f 84 00 	data16 nopw %cs:0x0(%rax,%rax,1)
    11dc:	00 00 00 00 

00000000000011e0 <__libc_csu_fini>:
    11e0:	f3 0f 1e fa          	endbr64 
    11e4:	c3                   	retq   

Disassembly of section .fini:

00000000000011e8 <_fini>:
    11e8:	f3 0f 1e fa          	endbr64 
    11ec:	48 83 ec 08          	sub    $0x8,%rsp
    11f0:	48 83 c4 08          	add    $0x8,%rsp
    11f4:	c3                   	retq   
